2024-05-30 01:25:09.471  INFO 13234 --- [main] ngCloud06ApiGatewayZuulServerApplication : No active profile set, falling back to default profiles: default
2024-05-30 01:25:10.203  WARN 13234 --- [main] o.s.boot.actuate.endpoint.EndpointId     : Endpoint ID 'service-registry' contains invalid characters, please migrate to a valid format.
2024-05-30 01:25:10.220  WARN 13234 --- [main] o.s.boot.actuate.endpoint.EndpointId     : Endpoint ID 'hystrix.stream' contains invalid characters, please migrate to a valid format.
2024-05-30 01:25:10.344  INFO 13234 --- [main] o.s.cloud.context.scope.GenericScope     : BeanFactory id=031d91aa-9e5d-380d-91e3-4aa193ec68d0
2024-05-30 01:25:10.771  INFO 13234 --- [main] o.s.b.w.embedded.tomcat.TomcatWebServer  : Tomcat initialized with port(s): 9797 (http)
2024-05-30 01:25:10.786  INFO 13234 --- [main] o.apache.catalina.core.StandardService   : Starting service [Tomcat]
2024-05-30 01:25:10.786  INFO 13234 --- [main] org.apache.catalina.core.StandardEngine  : Starting Servlet engine: [Apache Tomcat/9.0.39]
2024-05-30 01:25:10.877  INFO 13234 --- [main] o.a.c.c.C.[Tomcat].[localhost].[/]       : Initializing Spring embedded WebApplicationContext
2024-05-30 01:25:10.877  INFO 13234 --- [main] w.s.c.ServletWebServerApplicationContext : Root WebApplicationContext: initialization completed in 1372 ms
2024-05-30 01:25:10.981  WARN 13234 --- [main] c.n.c.sources.URLConfigurationSource     : No URLs will be polled as dynamic configuration sources.
2024-05-30 01:25:10.982  INFO 13234 --- [main] c.n.c.sources.URLConfigurationSource     : To enable URLs as dynamic configuration sources, define System property archaius.configurationSource.additionalUrls or make config.properties available on classpath.
2024-05-30 01:25:10.994  INFO 13234 --- [main] c.netflix.config.DynamicPropertyFactory  : DynamicPropertyFactory is initialized with configuration sources: com.netflix.config.ConcurrentCompositeConfiguration@6c07add6
2024-05-30 01:25:11.257  WARN 13234 --- [main] c.n.c.sources.URLConfigurationSource     : No URLs will be polled as dynamic configuration sources.
2024-05-30 01:25:11.257  INFO 13234 --- [main] c.n.c.sources.URLConfigurationSource     : To enable URLs as dynamic configuration sources, define System property archaius.configurationSource.additionalUrls or make config.properties available on classpath.
2024-05-30 01:25:11.448  INFO 13234 --- [main] o.s.s.concurrent.ThreadPoolTaskExecutor  : Initializing ExecutorService 'applicationTaskExecutor'
2024-05-30 01:25:11.845  INFO 13234 --- [main] DiscoveryClientOptionalArgsConfiguration : Eureka HTTP Client uses Jersey
2024-05-30 01:25:11.965  WARN 13234 --- [main] ockingLoadBalancerClientRibbonWarnLogger : You already have RibbonLoadBalancerClient on your classpath. It will be used by default. As Spring Cloud Ribbon is in maintenance mode. We recommend switching to BlockingLoadBalancerClient instead. In order to use it, set the value of `spring.cloud.loadbalancer.ribbon.enabled` to `false` or remove spring-cloud-starter-netflix-ribbon from your project.
2024-05-30 01:25:12.209  INFO 13234 --- [main] o.s.c.n.zuul.ZuulFilterInitializer       : Starting filter initializer
2024-05-30 01:25:12.226  INFO 13234 --- [main] o.s.b.a.e.web.EndpointLinksResolver      : Exposing 2 endpoint(s) beneath base path '/actuator'
2024-05-30 01:25:12.302  INFO 13234 --- [main] o.s.c.n.eureka.InstanceInfoFactory       : Setting initial instance status as: STARTING
2024-05-30 01:25:12.325  INFO 13234 --- [main] com.netflix.discovery.DiscoveryClient    : Initializing Eureka in region us-east-1
2024-05-30 01:25:12.354  INFO 13234 --- [main] c.n.d.provider.DiscoveryJerseyProvider   : Using JSON encoding codec LegacyJacksonJson
2024-05-30 01:25:12.354  INFO 13234 --- [main] c.n.d.provider.DiscoveryJerseyProvider   : Using JSON decoding codec LegacyJacksonJson
2024-05-30 01:25:12.661  INFO 13234 --- [main] c.n.d.provider.DiscoveryJerseyProvider   : Using XML encoding codec XStreamXml
2024-05-30 01:25:12.662  INFO 13234 --- [main] c.n.d.provider.DiscoveryJerseyProvider   : Using XML decoding codec XStreamXml
2024-05-30 01:25:12.782  INFO 13234 --- [main] c.n.d.s.r.aws.ConfigClusterResolver      : Resolving eureka endpoints via configuration
2024-05-30 01:25:12.797  INFO 13234 --- [main] com.netflix.discovery.DiscoveryClient    : Disable delta property : false
2024-05-30 01:25:12.797  INFO 13234 --- [main] com.netflix.discovery.DiscoveryClient    : Single vip registry refresh property : null
2024-05-30 01:25:12.798  INFO 13234 --- [main] com.netflix.discovery.DiscoveryClient    : Force full registry fetch : false
2024-05-30 01:25:12.798  INFO 13234 --- [main] com.netflix.discovery.DiscoveryClient    : Application is null : false
2024-05-30 01:25:12.798  INFO 13234 --- [main] com.netflix.discovery.DiscoveryClient    : Registered Applications size is zero : true
2024-05-30 01:25:12.798  INFO 13234 --- [main] com.netflix.discovery.DiscoveryClient    : Application version is -1: true
2024-05-30 01:25:12.798  INFO 13234 --- [main] com.netflix.discovery.DiscoveryClient    : Getting all instance registry info from the eureka server
2024-05-30 01:25:12.884  INFO 13234 --- [main] com.netflix.discovery.DiscoveryClient    : The response status is 200
2024-05-30 01:25:12.886  INFO 13234 --- [main] com.netflix.discovery.DiscoveryClient    : Starting heartbeat executor: renew interval is: 30
2024-05-30 01:25:12.889  INFO 13234 --- [main] c.n.discovery.InstanceInfoReplicator     : InstanceInfoReplicator onDemand update allowed rate per min is 4
2024-05-30 01:25:12.893  INFO 13234 --- [main] com.netflix.discovery.DiscoveryClient    : Discovery Client initialized at timestamp 1717012512892 with initial instances count: 3
2024-05-30 01:25:12.908  INFO 13234 --- [main] o.s.c.n.e.s.EurekaServiceRegistry        : Registering application ZUUL-SERVER with eureka with status UP
2024-05-30 01:25:12.911  INFO 13234 --- [main] com.netflix.discovery.DiscoveryClient    : Saw local status change event StatusChangeEvent [timestamp=1717012512911, current=UP, previous=STARTING]
2024-05-30 01:25:12.912  INFO 13234 --- [DiscoveryClient-InstanceInfoReplicator-0] com.netflix.discovery.DiscoveryClient    : DiscoveryClient_ZUUL-SERVER/10.120.125.48:Zuul-Server:9797: registering service...
2024-05-30 01:25:12.940  INFO 13234 --- [DiscoveryClient-InstanceInfoReplicator-0] com.netflix.discovery.DiscoveryClient    : DiscoveryClient_ZUUL-SERVER/10.120.125.48:Zuul-Server:9797 - registration status: 204
2024-05-30 01:25:12.943  INFO 13234 --- [main] o.s.b.w.embedded.tomcat.TomcatWebServer  : Tomcat started on port(s): 9797 (http) with context path ''
2024-05-30 01:25:12.945  INFO 13234 --- [main] .s.c.n.e.s.EurekaAutoServiceRegistration : Updating port to 9797
2024-05-30 01:25:12.969  INFO 13234 --- [main] ngCloud06ApiGatewayZuulServerApplication : Started SpringCloud06ApiGatewayZuulServerApplication in 4.317 seconds (JVM running for 5.238)
2024-05-30 01:25:13.360  INFO 13234 --- [RMI TCP Connection(4)-127.0.0.1] o.a.c.c.C.[Tomcat].[localhost].[/]       : Initializing Spring DispatcherServlet 'dispatcherServlet'
2024-05-30 01:25:13.361  INFO 13234 --- [RMI TCP Connection(4)-127.0.0.1] o.s.web.servlet.DispatcherServlet        : Initializing Servlet 'dispatcherServlet'
2024-05-30 01:25:13.371  INFO 13234 --- [RMI TCP Connection(4)-127.0.0.1] o.s.web.servlet.DispatcherServlet        : Completed initialization in 10 ms
2024-05-30 01:26:57.766  INFO 13234 --- [http-nio-9797-exec-5] com.nt.filter.ZuulPreFilter              : -------From Pre-Filter------------
2024-05-30 01:26:57.767  INFO 13234 --- [http-nio-9797-exec-5] com.nt.filter.ZuulPreFilter              : null
2024-05-30 01:26:57.767  INFO 13234 --- [http-nio-9797-exec-5] com.nt.filter.ZuulPreFilter              : GET
2024-05-30 01:26:57.767  INFO 13234 --- [http-nio-9797-exec-5] com.nt.filter.ZuulPreFilter              : /flipkart-api/shopping/api/shop
2024-05-30 01:26:57.772  INFO 13234 --- [http-nio-9797-exec-5] com.nt.filter.ZuulRouterFilter           : -------From Router-Filter------------
2024-05-30 01:26:57.773  INFO 13234 --- [http-nio-9797-exec-5] com.nt.filter.ZuulRouterFilter           : null
2024-05-30 01:26:57.773  INFO 13234 --- [http-nio-9797-exec-5] com.nt.filter.ZuulRouterFilter           : GET
2024-05-30 01:26:57.773  INFO 13234 --- [http-nio-9797-exec-5] com.nt.filter.ZuulRouterFilter           : /flipkart-api/shopping/api/shop
2024-05-30 01:26:57.927  INFO 13234 --- [http-nio-9797-exec-5] c.netflix.config.ChainedDynamicProperty  : Flipping property: Shopping-Service.ribbon.ActiveConnectionsLimit to use NEXT property: niws.loadbalancer.availabilityFilteringRule.activeConnectionsLimit = 2147483647
2024-05-30 01:26:57.945  INFO 13234 --- [http-nio-9797-exec-5] c.n.u.concurrent.ShutdownEnabledTimer    : Shutdown hook installed for: NFLoadBalancer-PingTimer-Shopping-Service
2024-05-30 01:26:57.945  INFO 13234 --- [http-nio-9797-exec-5] c.netflix.loadbalancer.BaseLoadBalancer  : Client: Shopping-Service instantiated a LoadBalancer: DynamicServerListLoadBalancer:{NFLoadBalancer:name=Shopping-Service,current list of Servers=[],Load balancer stats=Zone stats: {},Server stats: []}ServerList:null
2024-05-30 01:26:57.950  INFO 13234 --- [http-nio-9797-exec-5] c.n.l.DynamicServerListLoadBalancer      : Using serverListUpdater PollingServerListUpdater
2024-05-30 01:26:57.968  INFO 13234 --- [http-nio-9797-exec-5] c.netflix.config.ChainedDynamicProperty  : Flipping property: Shopping-Service.ribbon.ActiveConnectionsLimit to use NEXT property: niws.loadbalancer.availabilityFilteringRule.activeConnectionsLimit = 2147483647
2024-05-30 01:26:57.971  INFO 13234 --- [http-nio-9797-exec-5] c.n.l.DynamicServerListLoadBalancer      : DynamicServerListLoadBalancer for client Shopping-Service initialized: DynamicServerListLoadBalancer:{NFLoadBalancer:name=Shopping-Service,current list of Servers=[10.120.125.48:9091],Load balancer stats=Zone stats: {defaultzone=[Zone:defaultzone;	Instance count:1;	Active connections count: 0;	Circuit breaker tripped count: 0;	Active connections per server: 0.0;]
},Server stats: [[Server:10.120.125.48:9091;	Zone:defaultZone;	Total Requests:0;	Successive connection failure:0;	Total blackout seconds:0;	Last connection made:Thu Jan 01 05:30:00 IST 1970;	First connection made: Thu Jan 01 05:30:00 IST 1970;	Active Connections:0;	total failure count in last (1000) msecs:0;	average resp time:0.0;	90 percentile resp time:0.0;	95 percentile resp time:0.0;	min resp time:0.0;	max resp time:0.0;	stddev resp time:0.0]
]}ServerList:org.springframework.cloud.netflix.ribbon.eureka.DomainExtractingServerList@39302890
2024-05-30 01:26:58.441  INFO 13234 --- [http-nio-9797-exec-5] com.nt.filter.ZuulPostFilter             : -------From Post-Filter------------
2024-05-30 01:26:58.442  INFO 13234 --- [http-nio-9797-exec-5] com.nt.filter.ZuulPostFilter             : null
2024-05-30 01:26:58.442  INFO 13234 --- [http-nio-9797-exec-5] com.nt.filter.ZuulPostFilter             : GET
2024-05-30 01:26:58.442  INFO 13234 --- [http-nio-9797-exec-5] com.nt.filter.ZuulPostFilter             : /flipkart-api/shopping/api/shop
2024-05-30 01:26:58.964  INFO 13234 --- [PollingServerListUpdater-0] c.netflix.config.ChainedDynamicProperty  : Flipping property: Shopping-Service.ribbon.ActiveConnectionsLimit to use NEXT property: niws.loadbalancer.availabilityFilteringRule.activeConnectionsLimit = 2147483647
2024-05-30 01:28:43.016  INFO 13234 --- [http-nio-9797-exec-8] com.nt.filter.ZuulPreFilter              : -------From Pre-Filter------------
2024-05-30 01:28:43.018  INFO 13234 --- [http-nio-9797-exec-8] com.nt.filter.ZuulPreFilter              : null
2024-05-30 01:28:43.018  INFO 13234 --- [http-nio-9797-exec-8] com.nt.filter.ZuulPreFilter              : GET
2024-05-30 01:28:43.018  INFO 13234 --- [http-nio-9797-exec-8] com.nt.filter.ZuulPreFilter              : /amazon-api/billing/api/bill
2024-05-30 01:28:43.024  INFO 13234 --- [http-nio-9797-exec-8] com.nt.filter.ZuulRouterFilter           : -------From Router-Filter------------
2024-05-30 01:28:43.024  INFO 13234 --- [http-nio-9797-exec-8] com.nt.filter.ZuulRouterFilter           : null
2024-05-30 01:28:43.025  INFO 13234 --- [http-nio-9797-exec-8] com.nt.filter.ZuulRouterFilter           : GET
2024-05-30 01:28:43.025  INFO 13234 --- [http-nio-9797-exec-8] com.nt.filter.ZuulRouterFilter           : /amazon-api/billing/api/bill
2024-05-30 01:28:43.087  INFO 13234 --- [http-nio-9797-exec-8] c.netflix.config.ChainedDynamicProperty  : Flipping property: Billing-Service.ribbon.ActiveConnectionsLimit to use NEXT property: niws.loadbalancer.availabilityFilteringRule.activeConnectionsLimit = 2147483647
2024-05-30 01:28:43.091  INFO 13234 --- [http-nio-9797-exec-8] c.n.u.concurrent.ShutdownEnabledTimer    : Shutdown hook installed for: NFLoadBalancer-PingTimer-Billing-Service
2024-05-30 01:28:43.091  INFO 13234 --- [http-nio-9797-exec-8] c.netflix.loadbalancer.BaseLoadBalancer  : Client: Billing-Service instantiated a LoadBalancer: DynamicServerListLoadBalancer:{NFLoadBalancer:name=Billing-Service,current list of Servers=[],Load balancer stats=Zone stats: {},Server stats: []}ServerList:null
2024-05-30 01:28:43.092  INFO 13234 --- [http-nio-9797-exec-8] c.n.l.DynamicServerListLoadBalancer      : Using serverListUpdater PollingServerListUpdater
2024-05-30 01:28:43.095  INFO 13234 --- [http-nio-9797-exec-8] c.netflix.config.ChainedDynamicProperty  : Flipping property: Billing-Service.ribbon.ActiveConnectionsLimit to use NEXT property: niws.loadbalancer.availabilityFilteringRule.activeConnectionsLimit = 2147483647
2024-05-30 01:28:43.096  INFO 13234 --- [http-nio-9797-exec-8] c.n.l.DynamicServerListLoadBalancer      : DynamicServerListLoadBalancer for client Billing-Service initialized: DynamicServerListLoadBalancer:{NFLoadBalancer:name=Billing-Service,current list of Servers=[10.120.125.48:9092],Load balancer stats=Zone stats: {defaultzone=[Zone:defaultzone;	Instance count:1;	Active connections count: 0;	Circuit breaker tripped count: 0;	Active connections per server: 0.0;]
},Server stats: [[Server:10.120.125.48:9092;	Zone:defaultZone;	Total Requests:0;	Successive connection failure:0;	Total blackout seconds:0;	Last connection made:Thu Jan 01 05:30:00 IST 1970;	First connection made: Thu Jan 01 05:30:00 IST 1970;	Active Connections:0;	total failure count in last (1000) msecs:0;	average resp time:0.0;	90 percentile resp time:0.0;	95 percentile resp time:0.0;	min resp time:0.0;	max resp time:0.0;	stddev resp time:0.0]
]}ServerList:org.springframework.cloud.netflix.ribbon.eureka.DomainExtractingServerList@279b33d
2024-05-30 01:28:43.152  INFO 13234 --- [http-nio-9797-exec-8] com.nt.filter.ZuulPostFilter             : -------From Post-Filter------------
2024-05-30 01:28:43.152  INFO 13234 --- [http-nio-9797-exec-8] com.nt.filter.ZuulPostFilter             : null
2024-05-30 01:28:43.152  INFO 13234 --- [http-nio-9797-exec-8] com.nt.filter.ZuulPostFilter             : GET
2024-05-30 01:28:43.152  INFO 13234 --- [http-nio-9797-exec-8] com.nt.filter.ZuulPostFilter             : /amazon-api/billing/api/bill
2024-05-30 01:28:44.096  INFO 13234 --- [PollingServerListUpdater-0] c.netflix.config.ChainedDynamicProperty  : Flipping property: Billing-Service.ribbon.ActiveConnectionsLimit to use NEXT property: niws.loadbalancer.availabilityFilteringRule.activeConnectionsLimit = 2147483647
2024-05-30 01:29:01.315  INFO 13234 --- [http-nio-9797-exec-1] com.nt.filter.ZuulPreFilter              : -------From Pre-Filter------------
2024-05-30 01:29:01.316  INFO 13234 --- [http-nio-9797-exec-1] com.nt.filter.ZuulPreFilter              : null
2024-05-30 01:29:01.317  INFO 13234 --- [http-nio-9797-exec-1] com.nt.filter.ZuulPreFilter              : GET
2024-05-30 01:29:01.317  INFO 13234 --- [http-nio-9797-exec-1] com.nt.filter.ZuulPreFilter              : /amazon-api/shopping/api/shop
2024-05-30 01:29:01.319  INFO 13234 --- [http-nio-9797-exec-1] com.nt.filter.ZuulRouterFilter           : -------From Router-Filter------------
2024-05-30 01:29:01.322  INFO 13234 --- [http-nio-9797-exec-1] com.nt.filter.ZuulRouterFilter           : null
2024-05-30 01:29:01.323  INFO 13234 --- [http-nio-9797-exec-1] com.nt.filter.ZuulRouterFilter           : GET
2024-05-30 01:29:01.323  INFO 13234 --- [http-nio-9797-exec-1] com.nt.filter.ZuulRouterFilter           : /amazon-api/shopping/api/shop
2024-05-30 01:29:01.445  INFO 13234 --- [http-nio-9797-exec-1] com.nt.filter.ZuulPostFilter             : -------From Post-Filter------------
2024-05-30 01:29:01.447  INFO 13234 --- [http-nio-9797-exec-1] com.nt.filter.ZuulPostFilter             : null
2024-05-30 01:29:01.448  INFO 13234 --- [http-nio-9797-exec-1] com.nt.filter.ZuulPostFilter             : GET
2024-05-30 01:29:01.448  INFO 13234 --- [http-nio-9797-exec-1] com.nt.filter.ZuulPostFilter             : /amazon-api/shopping/api/shop
2024-05-30 01:30:12.779  INFO 13234 --- [AsyncResolver-bootstrap-executor-0] c.n.d.s.r.aws.ConfigClusterResolver      : Resolving eureka endpoints via configuration
2024-05-30 01:35:12.774  INFO 13234 --- [AsyncResolver-bootstrap-executor-0] c.n.d.s.r.aws.ConfigClusterResolver      : Resolving eureka endpoints via configuration
2024-05-30 01:49:54.107  INFO 13234 --- [AsyncResolver-bootstrap-executor-0] c.n.d.s.r.aws.ConfigClusterResolver      : Resolving eureka endpoints via configuration
2024-05-30 02:06:05.356  INFO 13234 --- [AsyncResolver-bootstrap-executor-0] c.n.d.s.r.aws.ConfigClusterResolver      : Resolving eureka endpoints via configuration
2024-05-30 02:11:05.369  INFO 13234 --- [AsyncResolver-bootstrap-executor-0] c.n.d.s.r.aws.ConfigClusterResolver      : Resolving eureka endpoints via configuration
2024-05-30 02:16:05.372  INFO 13234 --- [AsyncResolver-bootstrap-executor-0] c.n.d.s.r.aws.ConfigClusterResolver      : Resolving eureka endpoints via configuration
2024-05-30 02:21:05.386  INFO 13234 --- [AsyncResolver-bootstrap-executor-0] c.n.d.s.r.aws.ConfigClusterResolver      : Resolving eureka endpoints via configuration
2024-05-30 02:23:22.103  INFO 13234 --- [RMI TCP Connection(52)-127.0.0.1] inMXBeanRegistrar$SpringApplicationAdmin : Application shutdown requested.
2024-05-30 02:23:22.109  INFO 13234 --- [RMI TCP Connection(52)-127.0.0.1] o.s.c.n.e.s.EurekaServiceRegistry        : Unregistering application ZUUL-SERVER with eureka with status DOWN
2024-05-30 02:23:22.110 ERROR 13234 --- [RMI TCP Connection(52)-127.0.0.1] com.netflix.discovery.DiscoveryClient    : Saw local status change event StatusChangeEvent [timestamp=1717016002110, current=DOWN, previous=UP]
2024-05-30 02:23:22.111  INFO 13234 --- [DiscoveryClient-InstanceInfoReplicator-0] com.netflix.discovery.DiscoveryClient    : DiscoveryClient_ZUUL-SERVER/10.120.125.48:Zuul-Server:9797: registering service...
2024-05-30 02:23:22.136  INFO 13234 --- [DiscoveryClient-InstanceInfoReplicator-0] com.netflix.discovery.DiscoveryClient    : DiscoveryClient_ZUUL-SERVER/10.120.125.48:Zuul-Server:9797 - registration status: 204
2024-05-30 02:23:22.157  INFO 13234 --- [RMI TCP Connection(52)-127.0.0.1] o.apache.catalina.core.StandardService   : Stopping service [Tomcat]
2024-05-30 02:23:22.162  INFO 13234 --- [RMI TCP Connection(52)-127.0.0.1] o.a.c.c.C.[Tomcat].[localhost].[/]       : Destroying Spring FrameworkServlet 'dispatcherServlet'
2024-05-30 02:23:22.175  WARN 13234 --- [RMI TCP Connection(52)-127.0.0.1] o.a.c.loader.WebappClassLoaderBase       : The web application [ROOT] appears to have started a thread named [spring.cloud.inetutils] but has failed to stop it. This is very likely to create a memory leak. Stack trace of thread:
 java.base@17.0.10/jdk.internal.misc.Unsafe.park(Native Method)
 java.base@17.0.10/java.util.concurrent.locks.LockSupport.park(LockSupport.java:341)
 java.base@17.0.10/java.util.concurrent.locks.AbstractQueuedSynchronizer$ConditionNode.block(AbstractQueuedSynchronizer.java:506)
 java.base@17.0.10/java.util.concurrent.ForkJoinPool.unmanagedBlock(ForkJoinPool.java:3465)
 java.base@17.0.10/java.util.concurrent.ForkJoinPool.managedBlock(ForkJoinPool.java:3436)
 java.base@17.0.10/java.util.concurrent.locks.AbstractQueuedSynchronizer$ConditionObject.await(AbstractQueuedSynchronizer.java:1623)
 java.base@17.0.10/java.util.concurrent.LinkedBlockingQueue.take(LinkedBlockingQueue.java:435)
 java.base@17.0.10/java.util.concurrent.ThreadPoolExecutor.getTask(ThreadPoolExecutor.java:1062)
 java.base@17.0.10/java.util.concurrent.ThreadPoolExecutor.runWorker(ThreadPoolExecutor.java:1122)
 java.base@17.0.10/java.util.concurrent.ThreadPoolExecutor$Worker.run(ThreadPoolExecutor.java:635)
 java.base@17.0.10/java.lang.Thread.run(Thread.java:840)
2024-05-30 02:23:22.177  WARN 13234 --- [RMI TCP Connection(52)-127.0.0.1] o.a.c.loader.WebappClassLoaderBase       : The web application [ROOT] appears to have started a thread named [RxIoScheduler-1 (Evictor)] but has failed to stop it. This is very likely to create a memory leak. Stack trace of thread:
 java.base@17.0.10/jdk.internal.misc.Unsafe.park(Native Method)
 java.base@17.0.10/java.util.concurrent.locks.LockSupport.parkNanos(LockSupport.java:252)
 java.base@17.0.10/java.util.concurrent.locks.AbstractQueuedSynchronizer$ConditionObject.awaitNanos(AbstractQueuedSynchronizer.java:1672)
 java.base@17.0.10/java.util.concurrent.ScheduledThreadPoolExecutor$DelayedWorkQueue.take(ScheduledThreadPoolExecutor.java:1182)
 java.base@17.0.10/java.util.concurrent.ScheduledThreadPoolExecutor$DelayedWorkQueue.take(ScheduledThreadPoolExecutor.java:899)
 java.base@17.0.10/java.util.concurrent.ThreadPoolExecutor.getTask(ThreadPoolExecutor.java:1062)
 java.base@17.0.10/java.util.concurrent.ThreadPoolExecutor.runWorker(ThreadPoolExecutor.java:1122)
 java.base@17.0.10/java.util.concurrent.ThreadPoolExecutor$Worker.run(ThreadPoolExecutor.java:635)
 java.base@17.0.10/java.lang.Thread.run(Thread.java:840)
2024-05-30 02:23:22.177  WARN 13234 --- [RMI TCP Connection(52)-127.0.0.1] o.a.c.loader.WebappClassLoaderBase       : The web application [ROOT] appears to have started a thread named [expiringMap-0] but has failed to stop it. This is very likely to create a memory leak. Stack trace of thread:
 java.base@17.0.10/jdk.internal.misc.Unsafe.park(Native Method)
 java.base@17.0.10/java.util.concurrent.locks.LockSupport.parkNanos(LockSupport.java:252)
 java.base@17.0.10/java.util.concurrent.locks.AbstractQueuedSynchronizer$ConditionObject.awaitNanos(AbstractQueuedSynchronizer.java:1672)
 java.base@17.0.10/java.util.concurrent.ScheduledThreadPoolExecutor$DelayedWorkQueue.take(ScheduledThreadPoolExecutor.java:1182)
 java.base@17.0.10/java.util.concurrent.ScheduledThreadPoolExecutor$DelayedWorkQueue.take(ScheduledThreadPoolExecutor.java:899)
 java.base@17.0.10/java.util.concurrent.ThreadPoolExecutor.getTask(ThreadPoolExecutor.java:1062)
 java.base@17.0.10/java.util.concurrent.ThreadPoolExecutor.runWorker(ThreadPoolExecutor.java:1122)
 java.base@17.0.10/java.util.concurrent.ThreadPoolExecutor$Worker.run(ThreadPoolExecutor.java:635)
 java.base@17.0.10/java.lang.Thread.run(Thread.java:840)
2024-05-30 02:23:22.177  WARN 13234 --- [RMI TCP Connection(52)-127.0.0.1] o.a.c.loader.WebappClassLoaderBase       : The web application [ROOT] appears to have started a thread named [RibbonApacheHttpClientConfiguration.connectionManagerTimer] but has failed to stop it. This is very likely to create a memory leak. Stack trace of thread:
 java.base@17.0.10/java.lang.Object.wait(Native Method)
 java.base@17.0.10/java.util.TimerThread.mainLoop(Timer.java:563)
 java.base@17.0.10/java.util.TimerThread.run(Timer.java:516)
2024-05-30 02:23:22.177  WARN 13234 --- [RMI TCP Connection(52)-127.0.0.1] o.a.c.loader.WebappClassLoaderBase       : The web application [ROOT] appears to have started a thread named [NFLoadBalancer-PingTimer-Shopping-Service] but has failed to stop it. This is very likely to create a memory leak. Stack trace of thread:
 java.base@17.0.10/java.lang.Object.wait(Native Method)
 java.base@17.0.10/java.util.TimerThread.mainLoop(Timer.java:563)
 java.base@17.0.10/java.util.TimerThread.run(Timer.java:516)
2024-05-30 02:23:22.178  WARN 13234 --- [RMI TCP Connection(52)-127.0.0.1] o.a.c.loader.WebappClassLoaderBase       : The web application [ROOT] appears to have started a thread named [PollingServerListUpdater-0] but has failed to stop it. This is very likely to create a memory leak. Stack trace of thread:
 java.base@17.0.10/jdk.internal.misc.Unsafe.park(Native Method)
 java.base@17.0.10/java.util.concurrent.locks.LockSupport.parkNanos(LockSupport.java:252)
 java.base@17.0.10/java.util.concurrent.locks.AbstractQueuedSynchronizer$ConditionObject.awaitNanos(AbstractQueuedSynchronizer.java:1672)
 java.base@17.0.10/java.util.concurrent.ScheduledThreadPoolExecutor$DelayedWorkQueue.take(ScheduledThreadPoolExecutor.java:1182)
 java.base@17.0.10/java.util.concurrent.ScheduledThreadPoolExecutor$DelayedWorkQueue.take(ScheduledThreadPoolExecutor.java:899)
 java.base@17.0.10/java.util.concurrent.ThreadPoolExecutor.getTask(ThreadPoolExecutor.java:1062)
 java.base@17.0.10/java.util.concurrent.ThreadPoolExecutor.runWorker(ThreadPoolExecutor.java:1122)
 java.base@17.0.10/java.util.concurrent.ThreadPoolExecutor$Worker.run(ThreadPoolExecutor.java:635)
 java.base@17.0.10/java.lang.Thread.run(Thread.java:840)
2024-05-30 02:23:22.178  WARN 13234 --- [RMI TCP Connection(52)-127.0.0.1] o.a.c.loader.WebappClassLoaderBase       : The web application [ROOT] appears to have started a thread named [DataPublisher] but has failed to stop it. This is very likely to create a memory leak. Stack trace of thread:
 java.base@17.0.10/jdk.internal.misc.Unsafe.park(Native Method)
 java.base@17.0.10/java.util.concurrent.locks.LockSupport.parkNanos(LockSupport.java:252)
 java.base@17.0.10/java.util.concurrent.locks.AbstractQueuedSynchronizer$ConditionObject.awaitNanos(AbstractQueuedSynchronizer.java:1672)
 java.base@17.0.10/java.util.concurrent.ScheduledThreadPoolExecutor$DelayedWorkQueue.take(ScheduledThreadPoolExecutor.java:1182)
 java.base@17.0.10/java.util.concurrent.ScheduledThreadPoolExecutor$DelayedWorkQueue.take(ScheduledThreadPoolExecutor.java:899)
 java.base@17.0.10/java.util.concurrent.ThreadPoolExecutor.getTask(ThreadPoolExecutor.java:1062)
 java.base@17.0.10/java.util.concurrent.ThreadPoolExecutor.runWorker(ThreadPoolExecutor.java:1122)
 java.base@17.0.10/java.util.concurrent.ThreadPoolExecutor$Worker.run(ThreadPoolExecutor.java:635)
 java.base@17.0.10/java.lang.Thread.run(Thread.java:840)
2024-05-30 02:23:22.178  WARN 13234 --- [RMI TCP Connection(52)-127.0.0.1] o.a.c.loader.WebappClassLoaderBase       : The web application [ROOT] appears to have started a thread named [RxComputationScheduler-1] but has failed to stop it. This is very likely to create a memory leak. Stack trace of thread:
 java.base@17.0.10/jdk.internal.misc.Unsafe.park(Native Method)
 java.base@17.0.10/java.util.concurrent.locks.LockSupport.parkNanos(LockSupport.java:252)
 java.base@17.0.10/java.util.concurrent.locks.AbstractQueuedSynchronizer$ConditionObject.awaitNanos(AbstractQueuedSynchronizer.java:1672)
 java.base@17.0.10/java.util.concurrent.ScheduledThreadPoolExecutor$DelayedWorkQueue.take(ScheduledThreadPoolExecutor.java:1182)
 java.base@17.0.10/java.util.concurrent.ScheduledThreadPoolExecutor$DelayedWorkQueue.take(ScheduledThreadPoolExecutor.java:899)
 java.base@17.0.10/java.util.concurrent.ThreadPoolExecutor.getTask(ThreadPoolExecutor.java:1062)
 java.base@17.0.10/java.util.concurrent.ThreadPoolExecutor.runWorker(ThreadPoolExecutor.java:1122)
 java.base@17.0.10/java.util.concurrent.ThreadPoolExecutor$Worker.run(ThreadPoolExecutor.java:635)
 java.base@17.0.10/java.lang.Thread.run(Thread.java:840)
2024-05-30 02:23:22.178  WARN 13234 --- [RMI TCP Connection(52)-127.0.0.1] o.a.c.loader.WebappClassLoaderBase       : The web application [ROOT] appears to have started a thread named [HystrixTimer-1] but has failed to stop it. This is very likely to create a memory leak. Stack trace of thread:
 java.base@17.0.10/jdk.internal.misc.Unsafe.park(Native Method)
 java.base@17.0.10/java.util.concurrent.locks.LockSupport.park(LockSupport.java:341)
 java.base@17.0.10/java.util.concurrent.locks.AbstractQueuedSynchronizer$ConditionNode.block(AbstractQueuedSynchronizer.java:506)
 java.base@17.0.10/java.util.concurrent.ForkJoinPool.unmanagedBlock(ForkJoinPool.java:3465)
 java.base@17.0.10/java.util.concurrent.ForkJoinPool.managedBlock(ForkJoinPool.java:3436)
 java.base@17.0.10/java.util.concurrent.locks.AbstractQueuedSynchronizer$ConditionObject.await(AbstractQueuedSynchronizer.java:1623)
 java.base@17.0.10/java.util.concurrent.ScheduledThreadPoolExecutor$DelayedWorkQueue.take(ScheduledThreadPoolExecutor.java:1170)
 java.base@17.0.10/java.util.concurrent.ScheduledThreadPoolExecutor$DelayedWorkQueue.take(ScheduledThreadPoolExecutor.java:899)
 java.base@17.0.10/java.util.concurrent.ThreadPoolExecutor.getTask(ThreadPoolExecutor.java:1062)
 java.base@17.0.10/java.util.concurrent.ThreadPoolExecutor.runWorker(ThreadPoolExecutor.java:1122)
 java.base@17.0.10/java.util.concurrent.ThreadPoolExecutor$Worker.run(ThreadPoolExecutor.java:635)
 java.base@17.0.10/java.lang.Thread.run(Thread.java:840)
2024-05-30 02:23:22.179  WARN 13234 --- [RMI TCP Connection(52)-127.0.0.1] o.a.c.loader.WebappClassLoaderBase       : The web application [ROOT] appears to have started a thread named [PollingServerListUpdater-1] but has failed to stop it. This is very likely to create a memory leak. Stack trace of thread:
 java.base@17.0.10/jdk.internal.misc.Unsafe.park(Native Method)
 java.base@17.0.10/java.util.concurrent.locks.LockSupport.park(LockSupport.java:341)
 java.base@17.0.10/java.util.concurrent.locks.AbstractQueuedSynchronizer$ConditionNode.block(AbstractQueuedSynchronizer.java:506)
 java.base@17.0.10/java.util.concurrent.ForkJoinPool.unmanagedBlock(ForkJoinPool.java:3465)
 java.base@17.0.10/java.util.concurrent.ForkJoinPool.managedBlock(ForkJoinPool.java:3436)
 java.base@17.0.10/java.util.concurrent.locks.AbstractQueuedSynchronizer$ConditionObject.await(AbstractQueuedSynchronizer.java:1623)
 java.base@17.0.10/java.util.concurrent.ScheduledThreadPoolExecutor$DelayedWorkQueue.take(ScheduledThreadPoolExecutor.java:1177)
 java.base@17.0.10/java.util.concurrent.ScheduledThreadPoolExecutor$DelayedWorkQueue.take(ScheduledThreadPoolExecutor.java:899)
 java.base@17.0.10/java.util.concurrent.ThreadPoolExecutor.getTask(ThreadPoolExecutor.java:1062)
 java.base@17.0.10/java.util.concurrent.ThreadPoolExecutor.runWorker(ThreadPoolExecutor.java:1122)
 java.base@17.0.10/java.util.concurrent.ThreadPoolExecutor$Worker.run(ThreadPoolExecutor.java:635)
 java.base@17.0.10/java.lang.Thread.run(Thread.java:840)
2024-05-30 02:23:22.179  WARN 13234 --- [RMI TCP Connection(52)-127.0.0.1] o.a.c.loader.WebappClassLoaderBase       : The web application [ROOT] appears to have started a thread named [RibbonApacheHttpClientConfiguration.connectionManagerTimer] but has failed to stop it. This is very likely to create a memory leak. Stack trace of thread:
 java.base@17.0.10/java.lang.Object.wait(Native Method)
 java.base@17.0.10/java.util.TimerThread.mainLoop(Timer.java:563)
 java.base@17.0.10/java.util.TimerThread.run(Timer.java:516)
2024-05-30 02:23:22.180  WARN 13234 --- [RMI TCP Connection(52)-127.0.0.1] o.a.c.loader.WebappClassLoaderBase       : The web application [ROOT] appears to have started a thread named [NFLoadBalancer-PingTimer-Billing-Service] but has failed to stop it. This is very likely to create a memory leak. Stack trace of thread:
 java.base@17.0.10/java.lang.Object.wait(Native Method)
 java.base@17.0.10/java.util.TimerThread.mainLoop(Timer.java:563)
 java.base@17.0.10/java.util.TimerThread.run(Timer.java:516)
2024-05-30 02:23:22.180  WARN 13234 --- [RMI TCP Connection(52)-127.0.0.1] o.a.c.loader.WebappClassLoaderBase       : The web application [ROOT] appears to have started a thread named [RxComputationScheduler-2] but has failed to stop it. This is very likely to create a memory leak. Stack trace of thread:
 java.base@17.0.10/jdk.internal.misc.Unsafe.park(Native Method)
 java.base@17.0.10/java.util.concurrent.locks.LockSupport.parkNanos(LockSupport.java:252)
 java.base@17.0.10/java.util.concurrent.locks.AbstractQueuedSynchronizer$ConditionObject.awaitNanos(AbstractQueuedSynchronizer.java:1672)
 java.base@17.0.10/java.util.concurrent.ScheduledThreadPoolExecutor$DelayedWorkQueue.take(ScheduledThreadPoolExecutor.java:1182)
 java.base@17.0.10/java.util.concurrent.ScheduledThreadPoolExecutor$DelayedWorkQueue.take(ScheduledThreadPoolExecutor.java:899)
 java.base@17.0.10/java.util.concurrent.ThreadPoolExecutor.getTask(ThreadPoolExecutor.java:1062)
 java.base@17.0.10/java.util.concurrent.ThreadPoolExecutor.runWorker(ThreadPoolExecutor.java:1122)
 java.base@17.0.10/java.util.concurrent.ThreadPoolExecutor$Worker.run(ThreadPoolExecutor.java:635)
 java.base@17.0.10/java.lang.Thread.run(Thread.java:840)
2024-05-30 02:23:22.180  WARN 13234 --- [RMI TCP Connection(52)-127.0.0.1] o.a.c.loader.WebappClassLoaderBase       : The web application [ROOT] appears to have started a thread named [HystrixTimer-2] but has failed to stop it. This is very likely to create a memory leak. Stack trace of thread:
 java.base@17.0.10/jdk.internal.misc.Unsafe.park(Native Method)
 java.base@17.0.10/java.util.concurrent.locks.LockSupport.park(LockSupport.java:341)
 java.base@17.0.10/java.util.concurrent.locks.AbstractQueuedSynchronizer$ConditionNode.block(AbstractQueuedSynchronizer.java:506)
 java.base@17.0.10/java.util.concurrent.ForkJoinPool.unmanagedBlock(ForkJoinPool.java:3465)
 java.base@17.0.10/java.util.concurrent.ForkJoinPool.managedBlock(ForkJoinPool.java:3436)
 java.base@17.0.10/java.util.concurrent.locks.AbstractQueuedSynchronizer$ConditionObject.await(AbstractQueuedSynchronizer.java:1623)
 java.base@17.0.10/java.util.concurrent.ScheduledThreadPoolExecutor$DelayedWorkQueue.take(ScheduledThreadPoolExecutor.java:1170)
 java.base@17.0.10/java.util.concurrent.ScheduledThreadPoolExecutor$DelayedWorkQueue.take(ScheduledThreadPoolExecutor.java:899)
 java.base@17.0.10/java.util.concurrent.ThreadPoolExecutor.getTask(ThreadPoolExecutor.java:1062)
 java.base@17.0.10/java.util.concurrent.ThreadPoolExecutor.runWorker(ThreadPoolExecutor.java:1122)
 java.base@17.0.10/java.util.concurrent.ThreadPoolExecutor$Worker.run(ThreadPoolExecutor.java:635)
 java.base@17.0.10/java.lang.Thread.run(Thread.java:840)
2024-05-30 02:23:22.180  WARN 13234 --- [RMI TCP Connection(52)-127.0.0.1] o.a.c.loader.WebappClassLoaderBase       : The web application [ROOT] appears to have started a thread named [HystrixTimer-3] but has failed to stop it. This is very likely to create a memory leak. Stack trace of thread:
 java.base@17.0.10/jdk.internal.misc.Unsafe.park(Native Method)
 java.base@17.0.10/java.util.concurrent.locks.LockSupport.park(LockSupport.java:341)
 java.base@17.0.10/java.util.concurrent.locks.AbstractQueuedSynchronizer$ConditionNode.block(AbstractQueuedSynchronizer.java:506)
 java.base@17.0.10/java.util.concurrent.ForkJoinPool.unmanagedBlock(ForkJoinPool.java:3465)
 java.base@17.0.10/java.util.concurrent.ForkJoinPool.managedBlock(ForkJoinPool.java:3436)
 java.base@17.0.10/java.util.concurrent.locks.AbstractQueuedSynchronizer$ConditionObject.await(AbstractQueuedSynchronizer.java:1623)
 java.base@17.0.10/java.util.concurrent.ScheduledThreadPoolExecutor$DelayedWorkQueue.take(ScheduledThreadPoolExecutor.java:1177)
 java.base@17.0.10/java.util.concurrent.ScheduledThreadPoolExecutor$DelayedWorkQueue.take(ScheduledThreadPoolExecutor.java:899)
 java.base@17.0.10/java.util.concurrent.ThreadPoolExecutor.getTask(ThreadPoolExecutor.java:1062)
 java.base@17.0.10/java.util.concurrent.ThreadPoolExecutor.runWorker(ThreadPoolExecutor.java:1122)
 java.base@17.0.10/java.util.concurrent.ThreadPoolExecutor$Worker.run(ThreadPoolExecutor.java:635)
 java.base@17.0.10/java.lang.Thread.run(Thread.java:840)
2024-05-30 02:23:22.211  INFO 13234 --- [Thread-9] c.n.l.PollingServerListUpdater           : Shutting down the Executor Pool for PollingServerListUpdater
2024-05-30 02:23:22.211  INFO 13234 --- [RMI TCP Connection(52)-127.0.0.1] o.s.c.n.zuul.ZuulFilterInitializer       : Stopping filter initializer
2024-05-30 02:23:22.217  INFO 13234 --- [RMI TCP Connection(52)-127.0.0.1] c.n.u.concurrent.ShutdownEnabledTimer    : Shutdown hook removed for: NFLoadBalancer-PingTimer-Billing-Service
2024-05-30 02:23:22.224  INFO 13234 --- [RMI TCP Connection(52)-127.0.0.1] c.n.u.concurrent.ShutdownEnabledTimer    : Exception caught (might be ok if at shutdown)

java.lang.IllegalStateException: Shutdown in progress
	at java.base/java.lang.ApplicationShutdownHooks.remove(ApplicationShutdownHooks.java:82) ~[na:na]
	at java.base/java.lang.Runtime.removeShutdownHook(Runtime.java:245) ~[na:na]
	at com.netflix.util.concurrent.ShutdownEnabledTimer.cancel(ShutdownEnabledTimer.java:70) ~[netflix-commons-util-0.3.0.jar:0.3.0]
	at com.netflix.loadbalancer.BaseLoadBalancer.cancelPingTask(BaseLoadBalancer.java:632) ~[ribbon-loadbalancer-2.3.0.jar:2.3.0]
	at com.netflix.loadbalancer.BaseLoadBalancer.shutdown(BaseLoadBalancer.java:883) ~[ribbon-loadbalancer-2.3.0.jar:2.3.0]
	at com.netflix.loadbalancer.DynamicServerListLoadBalancer.shutdown(DynamicServerListLoadBalancer.java:285) ~[ribbon-loadbalancer-2.3.0.jar:2.3.0]
	at java.base/jdk.internal.reflect.NativeMethodAccessorImpl.invoke0(Native Method) ~[na:na]
	at java.base/jdk.internal.reflect.NativeMethodAccessorImpl.invoke(NativeMethodAccessorImpl.java:77) ~[na:na]
	at java.base/jdk.internal.reflect.DelegatingMethodAccessorImpl.invoke(DelegatingMethodAccessorImpl.java:43) ~[na:na]
	at java.base/java.lang.reflect.Method.invoke(Method.java:568) ~[na:na]
	at org.springframework.beans.factory.support.DisposableBeanAdapter.invokeCustomDestroyMethod(DisposableBeanAdapter.java:339) ~[spring-beans-5.2.11.RELEASE.jar:5.2.11.RELEASE]
	at org.springframework.beans.factory.support.DisposableBeanAdapter.destroy(DisposableBeanAdapter.java:273) ~[spring-beans-5.2.11.RELEASE.jar:5.2.11.RELEASE]
	at org.springframework.beans.factory.support.DefaultSingletonBeanRegistry.destroyBean(DefaultSingletonBeanRegistry.java:587) ~[spring-beans-5.2.11.RELEASE.jar:5.2.11.RELEASE]
	at org.springframework.beans.factory.support.DefaultSingletonBeanRegistry.destroySingleton(DefaultSingletonBeanRegistry.java:559) ~[spring-beans-5.2.11.RELEASE.jar:5.2.11.RELEASE]
	at org.springframework.beans.factory.support.DefaultListableBeanFactory.destroySingleton(DefaultListableBeanFactory.java:1092) ~[spring-beans-5.2.11.RELEASE.jar:5.2.11.RELEASE]
	at org.springframework.beans.factory.support.DefaultSingletonBeanRegistry.destroySingletons(DefaultSingletonBeanRegistry.java:520) ~[spring-beans-5.2.11.RELEASE.jar:5.2.11.RELEASE]
	at org.springframework.beans.factory.support.DefaultListableBeanFactory.destroySingletons(DefaultListableBeanFactory.java:1085) ~[spring-beans-5.2.11.RELEASE.jar:5.2.11.RELEASE]
	at org.springframework.context.support.AbstractApplicationContext.destroyBeans(AbstractApplicationContext.java:1061) ~[spring-context-5.2.11.RELEASE.jar:5.2.11.RELEASE]
	at org.springframework.context.support.AbstractApplicationContext.doClose(AbstractApplicationContext.java:1030) ~[spring-context-5.2.11.RELEASE.jar:5.2.11.RELEASE]
	at org.springframework.context.support.AbstractApplicationContext.close(AbstractApplicationContext.java:979) ~[spring-context-5.2.11.RELEASE.jar:5.2.11.RELEASE]
	at org.springframework.cloud.context.named.NamedContextFactory.destroy(NamedContextFactory.java:93) ~[spring-cloud-context-2.2.6.RELEASE.jar:2.2.6.RELEASE]
	at org.springframework.beans.factory.support.DisposableBeanAdapter.destroy(DisposableBeanAdapter.java:258) ~[spring-beans-5.2.11.RELEASE.jar:5.2.11.RELEASE]
	at org.springframework.beans.factory.support.DefaultSingletonBeanRegistry.destroyBean(DefaultSingletonBeanRegistry.java:587) ~[spring-beans-5.2.11.RELEASE.jar:5.2.11.RELEASE]
	at org.springframework.beans.factory.support.DefaultSingletonBeanRegistry.destroySingleton(DefaultSingletonBeanRegistry.java:559) ~[spring-beans-5.2.11.RELEASE.jar:5.2.11.RELEASE]
	at org.springframework.beans.factory.support.DefaultListableBeanFactory.destroySingleton(DefaultListableBeanFactory.java:1092) ~[spring-beans-5.2.11.RELEASE.jar:5.2.11.RELEASE]
	at org.springframework.beans.factory.support.DefaultSingletonBeanRegistry.destroySingletons(DefaultSingletonBeanRegistry.java:520) ~[spring-beans-5.2.11.RELEASE.jar:5.2.11.RELEASE]
	at org.springframework.beans.factory.support.DefaultListableBeanFactory.destroySingletons(DefaultListableBeanFactory.java:1085) ~[spring-beans-5.2.11.RELEASE.jar:5.2.11.RELEASE]
	at org.springframework.context.support.AbstractApplicationContext.destroyBeans(AbstractApplicationContext.java:1061) ~[spring-context-5.2.11.RELEASE.jar:5.2.11.RELEASE]
	at org.springframework.context.support.AbstractApplicationContext.doClose(AbstractApplicationContext.java:1030) ~[spring-context-5.2.11.RELEASE.jar:5.2.11.RELEASE]
	at org.springframework.boot.web.servlet.context.ServletWebServerApplicationContext.doClose(ServletWebServerApplicationContext.java:170) ~[spring-boot-2.3.6.RELEASE.jar:2.3.6.RELEASE]
	at org.springframework.context.support.AbstractApplicationContext.close(AbstractApplicationContext.java:979) ~[spring-context-5.2.11.RELEASE.jar:5.2.11.RELEASE]
	at org.springframework.boot.admin.SpringApplicationAdminMXBeanRegistrar$SpringApplicationAdmin.shutdown(SpringApplicationAdminMXBeanRegistrar.java:160) ~[spring-boot-2.3.6.RELEASE.jar:2.3.6.RELEASE]
	at java.base/jdk.internal.reflect.NativeMethodAccessorImpl.invoke0(Native Method) ~[na:na]
	at java.base/jdk.internal.reflect.NativeMethodAccessorImpl.invoke(NativeMethodAccessorImpl.java:77) ~[na:na]
	at java.base/jdk.internal.reflect.DelegatingMethodAccessorImpl.invoke(DelegatingMethodAccessorImpl.java:43) ~[na:na]
	at java.base/java.lang.reflect.Method.invoke(Method.java:568) ~[na:na]
	at sun.reflect.misc.Trampoline.invoke(MethodUtil.java:72) ~[na:na]
	at java.base/jdk.internal.reflect.NativeMethodAccessorImpl.invoke0(Native Method) ~[na:na]
	at java.base/jdk.internal.reflect.NativeMethodAccessorImpl.invoke(NativeMethodAccessorImpl.java:77) ~[na:na]
	at java.base/jdk.internal.reflect.DelegatingMethodAccessorImpl.invoke(DelegatingMethodAccessorImpl.java:43) ~[na:na]
	at java.base/java.lang.reflect.Method.invoke(Method.java:568) ~[na:na]
	at java.base/sun.reflect.misc.MethodUtil.invoke(MethodUtil.java:262) ~[na:na]
	at java.management/com.sun.jmx.mbeanserver.ConvertingMethod.invokeWithOpenReturn(ConvertingMethod.java:193) ~[na:na]
	at java.management/com.sun.jmx.mbeanserver.ConvertingMethod.invokeWithOpenReturn(ConvertingMethod.java:175) ~[na:na]
	at java.management/com.sun.jmx.mbeanserver.MXBeanIntrospector.invokeM2(MXBeanIntrospector.java:117) ~[na:na]
	at java.management/com.sun.jmx.mbeanserver.MXBeanIntrospector.invokeM2(MXBeanIntrospector.java:54) ~[na:na]
	at java.management/com.sun.jmx.mbeanserver.MBeanIntrospector.invokeM(MBeanIntrospector.java:237) ~[na:na]
	at java.management/com.sun.jmx.mbeanserver.PerInterface.invoke(PerInterface.java:138) ~[na:na]
	at java.management/com.sun.jmx.mbeanserver.MBeanSupport.invoke(MBeanSupport.java:252) ~[na:na]
	at java.management/com.sun.jmx.interceptor.DefaultMBeanServerInterceptor.invoke(DefaultMBeanServerInterceptor.java:814) ~[na:na]
	at java.management/com.sun.jmx.mbeanserver.JmxMBeanServer.invoke(JmxMBeanServer.java:802) ~[na:na]
	at java.management.rmi/javax.management.remote.rmi.RMIConnectionImpl.doOperation(RMIConnectionImpl.java:1472) ~[na:na]
	at java.management.rmi/javax.management.remote.rmi.RMIConnectionImpl$PrivilegedOperation.run(RMIConnectionImpl.java:1310) ~[na:na]
	at java.management.rmi/javax.management.remote.rmi.RMIConnectionImpl.doPrivilegedOperation(RMIConnectionImpl.java:1405) ~[na:na]
	at java.management.rmi/javax.management.remote.rmi.RMIConnectionImpl.invoke(RMIConnectionImpl.java:829) ~[na:na]
	at java.base/jdk.internal.reflect.NativeMethodAccessorImpl.invoke0(Native Method) ~[na:na]
	at java.base/jdk.internal.reflect.NativeMethodAccessorImpl.invoke(NativeMethodAccessorImpl.java:77) ~[na:na]
	at java.base/jdk.internal.reflect.DelegatingMethodAccessorImpl.invoke(DelegatingMethodAccessorImpl.java:43) ~[na:na]
	at java.base/java.lang.reflect.Method.invoke(Method.java:568) ~[na:na]
	at java.rmi/sun.rmi.server.UnicastServerRef.dispatch(UnicastServerRef.java:360) ~[na:na]
	at java.rmi/sun.rmi.transport.Transport$1.run(Transport.java:200) ~[na:na]
	at java.rmi/sun.rmi.transport.Transport$1.run(Transport.java:197) ~[na:na]
	at java.base/java.security.AccessController.doPrivileged(AccessController.java:712) ~[na:na]
	at java.rmi/sun.rmi.transport.Transport.serviceCall(Transport.java:196) ~[na:na]
	at java.rmi/sun.rmi.transport.tcp.TCPTransport.handleMessages(TCPTransport.java:587) ~[na:na]
	at java.rmi/sun.rmi.transport.tcp.TCPTransport$ConnectionHandler.run0(TCPTransport.java:828) ~[na:na]
	at java.rmi/sun.rmi.transport.tcp.TCPTransport$ConnectionHandler.lambda$run$0(TCPTransport.java:705) ~[na:na]
	at java.base/java.security.AccessController.doPrivileged(AccessController.java:399) ~[na:na]
	at java.rmi/sun.rmi.transport.tcp.TCPTransport$ConnectionHandler.run(TCPTransport.java:704) ~[na:na]
	at java.base/java.util.concurrent.ThreadPoolExecutor.runWorker(ThreadPoolExecutor.java:1136) ~[na:na]
	at java.base/java.util.concurrent.ThreadPoolExecutor$Worker.run(ThreadPoolExecutor.java:635) ~[na:na]
	at java.base/java.lang.Thread.run(Thread.java:840) ~[na:na]

2024-05-30 02:23:22.240  INFO 13234 --- [RMI TCP Connection(52)-127.0.0.1] c.n.u.concurrent.ShutdownEnabledTimer    : Shutdown hook removed for: NFLoadBalancer-PingTimer-Shopping-Service
2024-05-30 02:23:22.240  INFO 13234 --- [RMI TCP Connection(52)-127.0.0.1] c.n.u.concurrent.ShutdownEnabledTimer    : Exception caught (might be ok if at shutdown)

java.lang.IllegalStateException: Shutdown in progress
	at java.base/java.lang.ApplicationShutdownHooks.remove(ApplicationShutdownHooks.java:82) ~[na:na]
	at java.base/java.lang.Runtime.removeShutdownHook(Runtime.java:245) ~[na:na]
	at com.netflix.util.concurrent.ShutdownEnabledTimer.cancel(ShutdownEnabledTimer.java:70) ~[netflix-commons-util-0.3.0.jar:0.3.0]
	at com.netflix.loadbalancer.BaseLoadBalancer.cancelPingTask(BaseLoadBalancer.java:632) ~[ribbon-loadbalancer-2.3.0.jar:2.3.0]
	at com.netflix.loadbalancer.BaseLoadBalancer.shutdown(BaseLoadBalancer.java:883) ~[ribbon-loadbalancer-2.3.0.jar:2.3.0]
	at com.netflix.loadbalancer.DynamicServerListLoadBalancer.shutdown(DynamicServerListLoadBalancer.java:285) ~[ribbon-loadbalancer-2.3.0.jar:2.3.0]
	at java.base/jdk.internal.reflect.NativeMethodAccessorImpl.invoke0(Native Method) ~[na:na]
	at java.base/jdk.internal.reflect.NativeMethodAccessorImpl.invoke(NativeMethodAccessorImpl.java:77) ~[na:na]
	at java.base/jdk.internal.reflect.DelegatingMethodAccessorImpl.invoke(DelegatingMethodAccessorImpl.java:43) ~[na:na]
	at java.base/java.lang.reflect.Method.invoke(Method.java:568) ~[na:na]
	at org.springframework.beans.factory.support.DisposableBeanAdapter.invokeCustomDestroyMethod(DisposableBeanAdapter.java:339) ~[spring-beans-5.2.11.RELEASE.jar:5.2.11.RELEASE]
	at org.springframework.beans.factory.support.DisposableBeanAdapter.destroy(DisposableBeanAdapter.java:273) ~[spring-beans-5.2.11.RELEASE.jar:5.2.11.RELEASE]
	at org.springframework.beans.factory.support.DefaultSingletonBeanRegistry.destroyBean(DefaultSingletonBeanRegistry.java:587) ~[spring-beans-5.2.11.RELEASE.jar:5.2.11.RELEASE]
	at org.springframework.beans.factory.support.DefaultSingletonBeanRegistry.destroySingleton(DefaultSingletonBeanRegistry.java:559) ~[spring-beans-5.2.11.RELEASE.jar:5.2.11.RELEASE]
	at org.springframework.beans.factory.support.DefaultListableBeanFactory.destroySingleton(DefaultListableBeanFactory.java:1092) ~[spring-beans-5.2.11.RELEASE.jar:5.2.11.RELEASE]
	at org.springframework.beans.factory.support.DefaultSingletonBeanRegistry.destroySingletons(DefaultSingletonBeanRegistry.java:520) ~[spring-beans-5.2.11.RELEASE.jar:5.2.11.RELEASE]
	at org.springframework.beans.factory.support.DefaultListableBeanFactory.destroySingletons(DefaultListableBeanFactory.java:1085) ~[spring-beans-5.2.11.RELEASE.jar:5.2.11.RELEASE]
	at org.springframework.context.support.AbstractApplicationContext.destroyBeans(AbstractApplicationContext.java:1061) ~[spring-context-5.2.11.RELEASE.jar:5.2.11.RELEASE]
	at org.springframework.context.support.AbstractApplicationContext.doClose(AbstractApplicationContext.java:1030) ~[spring-context-5.2.11.RELEASE.jar:5.2.11.RELEASE]
	at org.springframework.context.support.AbstractApplicationContext.close(AbstractApplicationContext.java:979) ~[spring-context-5.2.11.RELEASE.jar:5.2.11.RELEASE]
	at org.springframework.cloud.context.named.NamedContextFactory.destroy(NamedContextFactory.java:93) ~[spring-cloud-context-2.2.6.RELEASE.jar:2.2.6.RELEASE]
	at org.springframework.beans.factory.support.DisposableBeanAdapter.destroy(DisposableBeanAdapter.java:258) ~[spring-beans-5.2.11.RELEASE.jar:5.2.11.RELEASE]
	at org.springframework.beans.factory.support.DefaultSingletonBeanRegistry.destroyBean(DefaultSingletonBeanRegistry.java:587) ~[spring-beans-5.2.11.RELEASE.jar:5.2.11.RELEASE]
	at org.springframework.beans.factory.support.DefaultSingletonBeanRegistry.destroySingleton(DefaultSingletonBeanRegistry.java:559) ~[spring-beans-5.2.11.RELEASE.jar:5.2.11.RELEASE]
	at org.springframework.beans.factory.support.DefaultListableBeanFactory.destroySingleton(DefaultListableBeanFactory.java:1092) ~[spring-beans-5.2.11.RELEASE.jar:5.2.11.RELEASE]
	at org.springframework.beans.factory.support.DefaultSingletonBeanRegistry.destroySingletons(DefaultSingletonBeanRegistry.java:520) ~[spring-beans-5.2.11.RELEASE.jar:5.2.11.RELEASE]
	at org.springframework.beans.factory.support.DefaultListableBeanFactory.destroySingletons(DefaultListableBeanFactory.java:1085) ~[spring-beans-5.2.11.RELEASE.jar:5.2.11.RELEASE]
	at org.springframework.context.support.AbstractApplicationContext.destroyBeans(AbstractApplicationContext.java:1061) ~[spring-context-5.2.11.RELEASE.jar:5.2.11.RELEASE]
	at org.springframework.context.support.AbstractApplicationContext.doClose(AbstractApplicationContext.java:1030) ~[spring-context-5.2.11.RELEASE.jar:5.2.11.RELEASE]
	at org.springframework.boot.web.servlet.context.ServletWebServerApplicationContext.doClose(ServletWebServerApplicationContext.java:170) ~[spring-boot-2.3.6.RELEASE.jar:2.3.6.RELEASE]
	at org.springframework.context.support.AbstractApplicationContext.close(AbstractApplicationContext.java:979) ~[spring-context-5.2.11.RELEASE.jar:5.2.11.RELEASE]
	at org.springframework.boot.admin.SpringApplicationAdminMXBeanRegistrar$SpringApplicationAdmin.shutdown(SpringApplicationAdminMXBeanRegistrar.java:160) ~[spring-boot-2.3.6.RELEASE.jar:2.3.6.RELEASE]
	at java.base/jdk.internal.reflect.NativeMethodAccessorImpl.invoke0(Native Method) ~[na:na]
	at java.base/jdk.internal.reflect.NativeMethodAccessorImpl.invoke(NativeMethodAccessorImpl.java:77) ~[na:na]
	at java.base/jdk.internal.reflect.DelegatingMethodAccessorImpl.invoke(DelegatingMethodAccessorImpl.java:43) ~[na:na]
	at java.base/java.lang.reflect.Method.invoke(Method.java:568) ~[na:na]
	at sun.reflect.misc.Trampoline.invoke(MethodUtil.java:72) ~[na:na]
	at java.base/jdk.internal.reflect.NativeMethodAccessorImpl.invoke0(Native Method) ~[na:na]
	at java.base/jdk.internal.reflect.NativeMethodAccessorImpl.invoke(NativeMethodAccessorImpl.java:77) ~[na:na]
	at java.base/jdk.internal.reflect.DelegatingMethodAccessorImpl.invoke(DelegatingMethodAccessorImpl.java:43) ~[na:na]
	at java.base/java.lang.reflect.Method.invoke(Method.java:568) ~[na:na]
	at java.base/sun.reflect.misc.MethodUtil.invoke(MethodUtil.java:262) ~[na:na]
	at java.management/com.sun.jmx.mbeanserver.ConvertingMethod.invokeWithOpenReturn(ConvertingMethod.java:193) ~[na:na]
	at java.management/com.sun.jmx.mbeanserver.ConvertingMethod.invokeWithOpenReturn(ConvertingMethod.java:175) ~[na:na]
	at java.management/com.sun.jmx.mbeanserver.MXBeanIntrospector.invokeM2(MXBeanIntrospector.java:117) ~[na:na]
	at java.management/com.sun.jmx.mbeanserver.MXBeanIntrospector.invokeM2(MXBeanIntrospector.java:54) ~[na:na]
	at java.management/com.sun.jmx.mbeanserver.MBeanIntrospector.invokeM(MBeanIntrospector.java:237) ~[na:na]
	at java.management/com.sun.jmx.mbeanserver.PerInterface.invoke(PerInterface.java:138) ~[na:na]
	at java.management/com.sun.jmx.mbeanserver.MBeanSupport.invoke(MBeanSupport.java:252) ~[na:na]
	at java.management/com.sun.jmx.interceptor.DefaultMBeanServerInterceptor.invoke(DefaultMBeanServerInterceptor.java:814) ~[na:na]
	at java.management/com.sun.jmx.mbeanserver.JmxMBeanServer.invoke(JmxMBeanServer.java:802) ~[na:na]
	at java.management.rmi/javax.management.remote.rmi.RMIConnectionImpl.doOperation(RMIConnectionImpl.java:1472) ~[na:na]
	at java.management.rmi/javax.management.remote.rmi.RMIConnectionImpl$PrivilegedOperation.run(RMIConnectionImpl.java:1310) ~[na:na]
	at java.management.rmi/javax.management.remote.rmi.RMIConnectionImpl.doPrivilegedOperation(RMIConnectionImpl.java:1405) ~[na:na]
	at java.management.rmi/javax.management.remote.rmi.RMIConnectionImpl.invoke(RMIConnectionImpl.java:829) ~[na:na]
	at java.base/jdk.internal.reflect.NativeMethodAccessorImpl.invoke0(Native Method) ~[na:na]
	at java.base/jdk.internal.reflect.NativeMethodAccessorImpl.invoke(NativeMethodAccessorImpl.java:77) ~[na:na]
	at java.base/jdk.internal.reflect.DelegatingMethodAccessorImpl.invoke(DelegatingMethodAccessorImpl.java:43) ~[na:na]
	at java.base/java.lang.reflect.Method.invoke(Method.java:568) ~[na:na]
	at java.rmi/sun.rmi.server.UnicastServerRef.dispatch(UnicastServerRef.java:360) ~[na:na]
	at java.rmi/sun.rmi.transport.Transport$1.run(Transport.java:200) ~[na:na]
	at java.rmi/sun.rmi.transport.Transport$1.run(Transport.java:197) ~[na:na]
	at java.base/java.security.AccessController.doPrivileged(AccessController.java:712) ~[na:na]
	at java.rmi/sun.rmi.transport.Transport.serviceCall(Transport.java:196) ~[na:na]
	at java.rmi/sun.rmi.transport.tcp.TCPTransport.handleMessages(TCPTransport.java:587) ~[na:na]
	at java.rmi/sun.rmi.transport.tcp.TCPTransport$ConnectionHandler.run0(TCPTransport.java:828) ~[na:na]
	at java.rmi/sun.rmi.transport.tcp.TCPTransport$ConnectionHandler.lambda$run$0(TCPTransport.java:705) ~[na:na]
	at java.base/java.security.AccessController.doPrivileged(AccessController.java:399) ~[na:na]
	at java.rmi/sun.rmi.transport.tcp.TCPTransport$ConnectionHandler.run(TCPTransport.java:704) ~[na:na]
	at java.base/java.util.concurrent.ThreadPoolExecutor.runWorker(ThreadPoolExecutor.java:1136) ~[na:na]
	at java.base/java.util.concurrent.ThreadPoolExecutor$Worker.run(ThreadPoolExecutor.java:635) ~[na:na]
	at java.base/java.lang.Thread.run(Thread.java:840) ~[na:na]

2024-05-30 02:23:22.245  INFO 13234 --- [RMI TCP Connection(52)-127.0.0.1] o.s.s.concurrent.ThreadPoolTaskExecutor  : Shutting down ExecutorService 'applicationTaskExecutor'
2024-05-30 02:23:22.257  INFO 13234 --- [RMI TCP Connection(52)-127.0.0.1] com.netflix.discovery.DiscoveryClient    : Shutting down DiscoveryClient ...
2024-05-30 02:23:25.259  INFO 13234 --- [RMI TCP Connection(52)-127.0.0.1] com.netflix.discovery.DiscoveryClient    : Unregistering ...
2024-05-30 02:23:25.273  INFO 13234 --- [RMI TCP Connection(52)-127.0.0.1] com.netflix.discovery.DiscoveryClient    : DiscoveryClient_ZUUL-SERVER/10.120.125.48:Zuul-Server:9797 - deregister  status: 200
2024-05-30 02:23:25.292  INFO 13234 --- [RMI TCP Connection(52)-127.0.0.1] com.netflix.discovery.DiscoveryClient    : Completed shut down of DiscoveryClient
